
04/17/2023 11:52:49 AM - launchPage - WARNING: Successfully Typed the First Name: 
04/17/2023 11:52:49 AM - launchPage - WARNING: Successfully Typed the Last Name: Asad
04/17/2023 11:52:49 AM - launchPage - WARNING: Successfully Typed the Business Name: IT
04/17/2023 11:52:49 AM - launchPage - WARNING: Successfully Typed the Email: mughalasad720@gmail.com
04/17/2023 11:52:50 AM - launchPage - WARNING: Successfully Typed the Result: 14
04/17/2023 11:52:55 AM - launchPage - WARNING: Successfully Clicked the Button Name: 14
04/17/2023 11:52:55 AM - launchPage - WARNING: Test Executed
04/17/2023 11:53:12 AM - launchPage - WARNING: Successfully Typed the First Name: Muhammad
04/17/2023 11:53:12 AM - launchPage - WARNING: Successfully Typed the Last Name: Asad
04/17/2023 11:53:12 AM - launchPage - WARNING: Successfully Typed the Business Name: IT
04/17/2023 11:53:12 AM - launchPage - WARNING: Successfully Typed the Email: mughalasad720@gmail.com
04/17/2023 11:53:12 AM - launchPage - WARNING: Successfully Typed the Result: 5
04/17/2023 11:53:17 AM - launchPage - WARNING: Successfully Clicked the Button Name: 5
04/17/2023 01:02:27 PM - launchPage - WARNING: Successfully Typed the Business Name: IT
04/17/2023 01:02:28 PM - launchPage - WARNING: Successfully Typed the Email: mughalasad720@gmail.com
04/17/2023 01:02:28 PM - launchPage - WARNING: Successfully Typed the Result: 11
04/17/2023 01:02:33 PM - launchPage - WARNING: Successfully Clicked the Button Name
04/17/2023 01:02:33 PM - launchPage - WARNING: Test Executed
04/17/2023 01:02:40 PM - launchPage - WARNING: Successfully Typed the Business Name: IT
04/17/2023 01:02:40 PM - launchPage - WARNING: Successfully Typed the Email: mughalasad720@gmail.com
04/17/2023 01:02:40 PM - launchPage - WARNING: Successfully Typed the Result: 11
04/17/2023 01:02:45 PM - launchPage - WARNING: Successfully Clicked the Button Name
04/17/2023 03:24:36 PM - launchPage - WARNING: Successfully Typed the Business Name: IT
04/17/2023 03:24:36 PM - launchPage - WARNING: Successfully Typed the Email: mughalasad720@gmail.com
04/17/2023 03:24:36 PM - launchPage - WARNING: Successfully Typed the Result: 8
04/17/2023 03:24:41 PM - launchPage - WARNING: Successfully Clicked the Button Name
04/17/2023 03:24:42 PM - launchPage - WARNING: Test Executed
04/17/2023 03:24:49 PM - launchPage - WARNING: Successfully Typed the Business Name: IT
04/17/2023 03:24:49 PM - launchPage - WARNING: Successfully Typed the Email: mughalasad720@gmail.com
04/17/2023 03:24:50 PM - launchPage - WARNING: Successfully Typed the Result: 11
04/17/2023 03:24:55 PM - launchPage - WARNING: Successfully Clicked the Button Name
04/17/2023 03:28:06 PM - launchPage - WARNING: Successfully Typed the Business Name: IT
04/17/2023 03:28:06 PM - launchPage - WARNING: Successfully Typed the Email: mughalasad720@gmail.com
04/17/2023 03:28:07 PM - launchPage - WARNING: Successfully Typed the Result: 8
04/17/2023 03:28:12 PM - launchPage - WARNING: Successfully Clicked the Button Name
04/17/2023 03:28:12 PM - launchPage - WARNING: Test Executed
04/17/2023 03:28:19 PM - launchPage - WARNING: Successfully Typed the Business Name: IT
04/17/2023 03:28:19 PM - launchPage - WARNING: Successfully Typed the Email: mughalasad720@gmail.com
04/17/2023 03:28:19 PM - launchPage - WARNING: Successfully Typed the Result: 6
04/17/2023 03:28:24 PM - launchPage - WARNING: Successfully Clicked the Button Name
04/17/2023 03:39:54 PM - launchPage - WARNING: Successfully Typed the Business Name: IT
04/17/2023 03:39:55 PM - launchPage - WARNING: Successfully Typed the Email: mughalasad720@gmail.com
04/17/2023 03:39:55 PM - launchPage - WARNING: Successfully Typed the Result: 5
04/17/2023 03:40:00 PM - launchPage - WARNING: Successfully Clicked the Button Name
04/17/2023 03:40:00 PM - launchPage - WARNING: Test Executed
04/17/2023 03:40:07 PM - launchPage - WARNING: Successfully Typed the Business Name: IT
04/17/2023 03:40:07 PM - launchPage - WARNING: Successfully Typed the Email: mughalasad720@gmail.com
04/17/2023 03:40:07 PM - launchPage - WARNING: Successfully Typed the Result: 17
04/17/2023 03:40:12 PM - launchPage - WARNING: Successfully Clicked the Button Name
04/17/2023 03:42:40 PM - launchPage - WARNING: Successfully Typed the Business Name: IT
04/17/2023 03:42:40 PM - launchPage - WARNING: Successfully Typed the Email: mughalasad720@gmail.com
04/17/2023 03:42:40 PM - launchPage - WARNING: Successfully Typed the Result: 12
04/17/2023 03:42:45 PM - launchPage - WARNING: Successfully Clicked the Button Name
04/17/2023 03:42:45 PM - launchPage - WARNING: Test Executed
04/17/2023 03:42:52 PM - launchPage - WARNING: Successfully Typed the Business Name: IT
04/17/2023 03:42:52 PM - launchPage - WARNING: Successfully Typed the Email: mughalasad720@gmail.com
04/17/2023 03:42:53 PM - launchPage - WARNING: Successfully Typed the Result: 10
04/17/2023 03:42:58 PM - launchPage - WARNING: Successfully Clicked the Button Name
04/17/2023 04:01:28 PM - launchPage - WARNING: Successfully Typed the Business Name: IT
04/17/2023 04:01:29 PM - launchPage - WARNING: Successfully Typed the Email: mughalasad720@gmail.com
04/17/2023 04:01:29 PM - launchPage - WARNING: Successfully Typed the Result: 18
04/17/2023 04:01:34 PM - launchPage - WARNING: Successfully Clicked the Button Name
04/17/2023 04:01:34 PM - launchPage - WARNING: Test Executed
04/17/2023 04:01:41 PM - launchPage - WARNING: Successfully Typed the Business Name: IT
04/17/2023 04:01:41 PM - launchPage - WARNING: Successfully Typed the Email: mughalasad720@gmail.com
04/17/2023 04:01:41 PM - launchPage - WARNING: Successfully Typed the Result: 11
04/17/2023 04:01:46 PM - launchPage - WARNING: Successfully Clicked the Button Name
